0 info it worked if it ends with ok
1 verbose cli [ 'C:\\Program Files\\nodejs\\node.exe',
1 verbose cli   'C:\\Program Files\\nodejs\\node_modules\\npm\\bin\\npm-cli.js',
1 verbose cli   'install',
1 verbose cli   './package.tgz' ]
2 info using npm@2.14.7
3 info using node@v4.2.2
4 verbose install initial load of C:\Users\Raymundo\Desktop\b-alert\io-hack.b-alert\package.json
5 warn package.json b-alert@1.1.1 No repository field.
6 warn package.json b-alert@1.1.1 No license field.
7 verbose installManyTop reading scoped package data from C:\Users\Raymundo\Desktop\b-alert\io-hack.b-alert\node_modules\bower\package.json
8 verbose installManyTop reading scoped package data from C:\Users\Raymundo\Desktop\b-alert\io-hack.b-alert\node_modules\gulp\package.json
9 verbose installManyTop reading scoped package data from C:\Users\Raymundo\Desktop\b-alert\io-hack.b-alert\node_modules\gulp-concat\package.json
10 verbose installManyTop reading scoped package data from C:\Users\Raymundo\Desktop\b-alert\io-hack.b-alert\node_modules\gulp-minify-css\package.json
11 verbose installManyTop reading scoped package data from C:\Users\Raymundo\Desktop\b-alert\io-hack.b-alert\node_modules\gulp-rename\package.json
12 verbose installManyTop reading scoped package data from C:\Users\Raymundo\Desktop\b-alert\io-hack.b-alert\node_modules\gulp-sass\package.json
13 verbose installManyTop reading scoped package data from C:\Users\Raymundo\Desktop\b-alert\io-hack.b-alert\node_modules\gulp-util\package.json
14 verbose installManyTop reading scoped package data from C:\Users\Raymundo\Desktop\b-alert\io-hack.b-alert\node_modules\shelljs\package.json
15 info package.json shelljs@0.3.0 license should be a valid SPDX license expression
16 info package.json gulp-minify-css@0.3.13 No license field.
17 info package.json gulp-util@2.2.20 No license field.
18 info package.json gulp-rename@1.2.2 No license field.
19 verbose readDependencies loading dependencies from C:\Users\Raymundo\Desktop\b-alert\io-hack.b-alert\package.json
20 silly cache add args [ './package.tgz', null ]
21 verbose cache add spec ./package.tgz
22 silly cache add parsed spec Result {
22 silly cache add   raw: './package.tgz',
22 silly cache add   scope: null,
22 silly cache add   name: null,
22 silly cache add   rawSpec: './package.tgz',
22 silly cache add   spec: 'C:\\Users\\Raymundo\\Desktop\\b-alert\\io-hack.b-alert\\package.tgz',
22 silly cache add   type: 'local' }
23 error addLocal Could not install C:\Users\Raymundo\Desktop\b-alert\io-hack.b-alert\package.tgz
24 verbose stack Error: ENOENT: no such file or directory, open 'C:\Users\Raymundo\Desktop\b-alert\io-hack.b-alert\package.tgz'
24 verbose stack     at Error (native)
25 verbose cwd C:\Users\Raymundo\Desktop\b-alert\io-hack.b-alert
26 error Windows_NT 10.0.10240
27 error argv "C:\\Program Files\\nodejs\\node.exe" "C:\\Program Files\\nodejs\\node_modules\\npm\\bin\\npm-cli.js" "install" "./package.tgz"
28 error node v4.2.2
29 error npm  v2.14.7
30 error path C:\Users\Raymundo\Desktop\b-alert\io-hack.b-alert\package.tgz
31 error code ENOENT
32 error errno -4058
33 error syscall open
34 error enoent ENOENT: no such file or directory, open 'C:\Users\Raymundo\Desktop\b-alert\io-hack.b-alert\package.tgz'
34 error enoent This is most likely not a problem with npm itself
34 error enoent and is related to npm not being able to find a file.
35 verbose exit [ -4058, true ]
